<?xml version="1.0" encoding="UTF-8"?>
<testng-results total="3" passed="3" failed="0" skipped="0">
  <reporter-output>
  </reporter-output>
  <suite started-at="2022-07-19T17:38:43Z" name="Default suite" finished-at="2022-07-19T17:38:43Z" duration-ms="64">
    <groups>
    </groups>
    <test started-at="2022-07-19T17:38:43Z" name="Default test" finished-at="2022-07-19T17:38:43Z" duration-ms="64">
      <class name="TestNg.Practice01Test">
        <test-method signature="test3()[pri:1, instance:TestNg.Practice01Test@4397ad89]" started-at="2022-07-19T10:38:43Z" name="test3" finished-at="2022-07-19T10:38:43Z" duration-ms="17" status="PASS">
          <reporter-output>
          </reporter-output>
        </test-method> <!-- test3 -->
        <test-method signature="test1()[pri:3, instance:TestNg.Practice01Test@4397ad89]" started-at="2022-07-19T10:38:43Z" name="test1" finished-at="2022-07-19T10:38:43Z" duration-ms="2" status="PASS">
          <reporter-output>
          </reporter-output>
        </test-method> <!-- test1 -->
        <test-method signature="test4()[pri:4, instance:TestNg.Practice01Test@4397ad89]" started-at="2022-07-19T10:38:43Z" name="test4" finished-at="2022-07-19T10:38:43Z" duration-ms="11" status="PASS">
          <reporter-output>
          </reporter-output>
        </test-method> <!-- test4 -->
      </class> <!-- TestNg.Practice01Test -->
    </test> <!-- Default test -->
  </suite> <!-- Default suite -->
</testng-results>
